2023-11-01 17:18:57,222 [INFO] - KahootBot: initialized
2023-11-01 17:18:59,970 [INFO] - Navigation: complete
2023-11-01 17:18:59,978 [INFO] - Game pin field: found
2023-11-01 17:19:00,137 [INFO] - Game pin field: submitted
2023-11-01 17:19:01,157 [INFO] - Nickname field: found
2023-11-01 17:19:01,173 [ERROR] - Game play failed: 'KahootBot' object has no attribute 'nickname'
2023-11-01 17:19:42,900 [INFO] - KahootBot: initialized
2023-11-01 17:19:44,876 [INFO] - Navigation: complete
2023-11-01 17:19:44,882 [INFO] - Game pin field: found
2023-11-01 17:19:45,022 [INFO] - Game pin field: submitted
2023-11-01 17:19:46,038 [INFO] - Nickname field: found
2023-11-01 17:19:46,053 [ERROR] - Game play failed: 'KahootBot' object has no attribute 'nickname'
2023-11-01 17:21:47,435 [INFO] - KahootBot: initialized
2023-11-01 17:21:49,362 [INFO] - Navigation: complete
2023-11-01 17:21:49,373 [INFO] - Game pin field: found
2023-11-01 17:21:49,520 [INFO] - Game pin field: submitted
2023-11-01 17:21:50,552 [INFO] - Nickname field: found
2023-11-01 17:21:50,573 [ERROR] - Game play failed: 'KahootBot' object has no attribute 'nickname'
2023-11-01 17:22:20,326 [INFO] - KahootBot: initialized
2023-11-01 17:22:22,230 [INFO] - Navigation: complete
2023-11-01 17:22:22,241 [INFO] - Game pin field: found
2023-11-01 17:22:22,390 [INFO] - Game pin field: submitted
2023-11-01 17:22:23,426 [INFO] - Nickname field: found
2023-11-01 17:22:23,485 [INFO] - Nickname field: filled
2023-11-01 17:22:24,506 [ERROR] - Game play failed: Nickname: invalid
2023-11-01 17:22:57,772 [INFO] - KahootBot: initialized
2023-11-01 17:22:59,552 [INFO] - Navigation: complete
2023-11-01 17:22:59,566 [INFO] - Game pin field: found
2023-11-01 17:22:59,702 [INFO] - Game pin field: submitted
2023-11-01 17:23:01,308 [INFO] - Nickname field: found
2023-11-01 17:23:01,365 [INFO] - Nickname field: filled
2023-11-01 17:23:03,405 [INFO] - Game 2021488: joined
2023-11-01 17:23:11,840 [ERROR] - Game play failed: Alert Text: {Alert text : 
Message: unexpected alert open: {Alert text : }
  (Session info: chrome=118.0.5993.117)
Stacktrace:
0   chromedriver                        0x0000000104790510 chromedriver + 4310288
1   chromedriver                        0x00000001047884bc chromedriver + 4277436
2   chromedriver                        0x00000001043bbb6c chromedriver + 293740
3   chromedriver                        0x000000010443c384 chromedriver + 820100
4   chromedriver                        0x00000001043f4fd0 chromedriver + 528336
5   chromedriver                        0x00000001043f5e7c chromedriver + 532092
6   chromedriver                        0x0000000104756834 chromedriver + 4073524
7   chromedriver                        0x000000010475a7fc chromedriver + 4089852
8   chromedriver                        0x000000010475ac58 chromedriver + 4090968
9   chromedriver                        0x00000001047608f8 chromedriver + 4114680
10  chromedriver                        0x000000010475b234 chromedriver + 4092468
11  chromedriver                        0x0000000104735604 chromedriver + 3937796
12  chromedriver                        0x0000000104777ee8 chromedriver + 4210408
13  chromedriver                        0x0000000104778064 chromedriver + 4210788
14  chromedriver                        0x0000000104788134 chromedriver + 4276532
15  libsystem_pthread.dylib             0x000000019db4206c _pthread_start + 148
16  libsystem_pthread.dylib             0x000000019db3ce2c thread_start + 8

2023-11-01 22:22:59,822 [INFO] - KahootBot: initialized
2023-11-01 22:23:01,122 [INFO] - Navigation: complete
2023-11-01 22:23:01,134 [INFO] - Game pin field: found
2023-11-01 22:23:01,275 [INFO] - Game pin field: submitted
2023-11-01 22:23:02,301 [INFO] - Nickname field: found
2023-11-01 22:23:02,364 [INFO] - Nickname field: filled
2023-11-01 22:23:03,694 [INFO] - Game 9422989: joined
2023-11-01 22:23:21,641 [INFO] - Question block: started
2023-11-01 22:23:21,654 [INFO] - Question displayed: True
2023-11-01 22:23:21,659 [INFO] - Multi-select question: False
2023-11-01 22:23:21,664 [INFO] - Viable answers: found
2023-11-01 22:23:21,680 [INFO] - Answer: chosen
2023-11-01 22:23:21,704 [INFO] - Answer: 0 submitted
2023-11-01 22:23:33,514 [INFO] - Question block: started
2023-11-01 22:23:33,519 [INFO] - Question displayed: True
2023-11-01 22:23:33,522 [INFO] - Multi-select question: False
2023-11-01 22:23:33,525 [INFO] - Viable answers: found
2023-11-01 22:23:33,535 [INFO] - Answer: chosen
2023-11-01 22:23:33,554 [INFO] - Answer: 1 submitted
